<?xml version="1.0" encoding="UTF-8"?>
<!-- Generated by org.testng.reporters.JUnitReportReporter -->
<testsuite hostname="DESKTOP-EDT3R9N" failures="0" tests="1" name="Tests.DeleteUserTest" time="3.195" errors="0" timestamp="2024-11-17T00:25:40 IST" skipped="0">
  <testcase classname="Tests.DeleteUserTest" name="testDeleteWithPOJOLombokBuilder" time="3.195"/>
</testsuite> <!-- Tests.DeleteUserTest -->
